<?xml version="1.0" encoding="UTF-8"?>
<!-- Generated by org.testng.reporters.JUnitReportReporter -->
<testsuite hostname="sandesh" failures="0" tests="2" name="com.abc.demo.com.abc.ProjectOnFramework.FirstProject" time="89.989" errors="0" timestamp="2023-11-02T18:21:43 IST" skipped="0">
  <testcase classname="com.abc.demo.com.abc.ProjectOnFramework.FirstProject" name="HomePage" time="60.602"/>
  <testcase classname="com.abc.demo.com.abc.ProjectOnFramework.FirstProject" name="chechkingwithinvalidcredentials" time="29.387"/>
</testsuite> <!-- com.abc.demo.com.abc.ProjectOnFramework.FirstProject -->
